<?xml version="1.0" encoding="UTF-8"?>
<!-- Generated by org.testng.reporters.JUnitReportReporter -->
<testsuite hostname="DESKTOP-MF5TFP0" failures="0" tests="1" name="coverFoxTest.TC1234_CoverFox_ValidateBannerCount" time="50.950" errors="0" timestamp="2024-10-12T23:57:44 IST" skipped="0">
  <testcase classname="coverFoxTest.TC1234_CoverFox_ValidateBannerCount" name="validatePolicyCount" time="50.950">
    <system-out>
      <![CDATA[Getting policy count from text displayed
Getting policy count from banners displayed
TCvalidatePolicyCountpassed]]>
    </system-out>
  </testcase> <!-- validatePolicyCount -->
  <system-out>
    <![CDATA[Launching Browser
Waiting...
Clicking on Gender Button
Clicking on Next Button
Handeling Age dropdown
Clicking on Next Button
Entering Pincode
Entering MobileNumber
Clicking on continue Button
Getting policy count from text displayed
Getting policy count from banners displayed
TCvalidatePolicyCountpassed
Closing Browser]]>
  </system-out>
</testsuite> <!-- coverFoxTest.TC1234_CoverFox_ValidateBannerCount -->
