<?xml version="1.0" encoding="UTF-8"?>
<!-- Generated by org.testng.reporters.JUnitReportReporter -->
<testsuite hostname="DESKTOP-MF5TFP0" failures="0" tests="2" name="coverFoxTest.TC1234_CoverFox_ValidateBannerErrorMsgs" time="92.990" errors="0" timestamp="2024-10-15T13:55:55 IST" skipped="0">
  <testcase classname="coverFoxTest.TC1234_CoverFox_ValidateBannerErrorMsgs" name="validateMobileNumErrorMg" time="24.732">
    <system-out>
      <![CDATA[Entering Pincode
Clicking on continue Button]]>
    </system-out>
  </testcase> <!-- validateMobileNumErrorMg -->
  <testcase classname="coverFoxTest.TC1234_CoverFox_ValidateBannerErrorMsgs" name="validatePinCodeErrorMsg" time="68.258">
    <system-out>
      <![CDATA[Entering MobileNumber
Clicking on continue Button]]>
    </system-out>
  </testcase> <!-- validatePinCodeErrorMsg -->
  <system-out>
    <![CDATA[Launching Browser
Waiting...
Clicking on Gender Button
Clicking on Next Button
Handeling Age dropdown
Clicking on Next Button
Entering Pincode
Clicking on continue Button
Closing Browser
Launching Browser
Waiting...
Clicking on Gender Button
Clicking on Next Button
Handeling Age dropdown
Clicking on Next Button
Entering MobileNumber
Clicking on continue Button
Closing Browser]]>
  </system-out>
</testsuite> <!-- coverFoxTest.TC1234_CoverFox_ValidateBannerErrorMsgs -->
